
  .   ____          _            __ _ _
 /\\ / ___'_ __ _ _(_)_ __  __ _ \ \ \ \
( ( )\___ | '_ | '_| | '_ \/ _` | \ \ \ \
 \\/  ___)| |_)| | | | | || (_| |  ) ) ) )
  '  |____| .__|_| |_|_| |_\__, | / / / /
 =========|_|==============|___/=/_/_/_/

 :: Spring Boot ::                (v3.3.1)

2026-06-26T18:16:27.848+08:00  INFO 22116 --- [scenic-ai-server] [           main] c.softbei.scenicai.ScenicAiApplication   : Starting ScenicAiApplication using Java 21.0.8 with PID 22116 (C:\softbei\scenic-ai-server\target\classes started by ass in C:\softbei\scenic-ai-server)
2026-06-26T18:16:27.854+08:00  INFO 22116 --- [scenic-ai-server] [           main] c.softbei.scenicai.ScenicAiApplication   : No active profile set, falling back to 1 default profile: "default"
2026-06-26T18:16:28.473+08:00  INFO 22116 --- [scenic-ai-server] [           main] .s.d.r.c.RepositoryConfigurationDelegate : Bootstrapping Spring Data JPA repositories in DEFAULT mode.
2026-06-26T18:16:28.569+08:00  INFO 22116 --- [scenic-ai-server] [           main] .s.d.r.c.RepositoryConfigurationDelegate : Finished Spring Data repository scanning in 64 ms. Found 4 JPA repository interfaces.
2026-06-26T18:16:29.329+08:00  INFO 22116 --- [scenic-ai-server] [           main] o.s.b.w.embedded.tomcat.TomcatWebServer  : Tomcat initialized with port 8080 (http)
2026-06-26T18:16:29.343+08:00  INFO 22116 --- [scenic-ai-server] [           main] o.apache.catalina.core.StandardService   : Starting service [Tomcat]
2026-06-26T18:16:29.344+08:00  INFO 22116 --- [scenic-ai-server] [           main] o.apache.catalina.core.StandardEngine    : Starting Servlet engine: [Apache Tomcat/10.1.25]
2026-06-26T18:16:29.420+08:00  INFO 22116 --- [scenic-ai-server] [           main] o.a.c.c.C.[Tomcat].[localhost].[/]       : Initializing Spring embedded WebApplicationContext
2026-06-26T18:16:29.421+08:00  INFO 22116 --- [scenic-ai-server] [           main] w.s.c.ServletWebServerApplicationContext : Root WebApplicationContext: initialization completed in 1509 ms
2026-06-26T18:16:29.461+08:00  INFO 22116 --- [scenic-ai-server] [           main] com.zaxxer.hikari.HikariDataSource       : HikariPool-1 - Starting...
2026-06-26T18:16:29.815+08:00  INFO 22116 --- [scenic-ai-server] [           main] com.zaxxer.hikari.pool.HikariPool        : HikariPool-1 - Added connection conn1: url=jdbc:h2:file:./data/scenic-ai-mvp user=SA
2026-06-26T18:16:29.820+08:00  INFO 22116 --- [scenic-ai-server] [           main] com.zaxxer.hikari.HikariDataSource       : HikariPool-1 - Start completed.
2026-06-26T18:16:29.841+08:00  INFO 22116 --- [scenic-ai-server] [           main] o.s.b.a.h2.H2ConsoleAutoConfiguration    : H2 console available at '/h2-console'. Database available at 'jdbc:h2:file:./data/scenic-ai-mvp'
2026-06-26T18:16:30.014+08:00  INFO 22116 --- [scenic-ai-server] [           main] o.hibernate.jpa.internal.util.LogHelper  : HHH000204: Processing PersistenceUnitInfo [name: default]
2026-06-26T18:16:30.060+08:00  INFO 22116 --- [scenic-ai-server] [           main] org.hibernate.Version                    : HHH000412: Hibernate ORM core version 6.5.2.Final
2026-06-26T18:16:30.090+08:00  INFO 22116 --- [scenic-ai-server] [           main] o.h.c.internal.RegionFactoryInitiator    : HHH000026: Second-level cache disabled
2026-06-26T18:16:30.354+08:00  INFO 22116 --- [scenic-ai-server] [           main] o.s.o.j.p.SpringPersistenceUnitInfo      : No LoadTimeWeaver setup: ignoring JPA class transformer
2026-06-26T18:16:31.614+08:00  INFO 22116 --- [scenic-ai-server] [           main] o.h.e.t.j.p.i.JtaPlatformInitiator       : HHH000489: No JTA platform available (set 'hibernate.transaction.jta.platform' to enable JTA platform integration)
2026-06-26T18:16:31.709+08:00  INFO 22116 --- [scenic-ai-server] [           main] j.LocalContainerEntityManagerFactoryBean : Initialized JPA EntityManagerFactory for persistence unit 'default'
2026-06-26T18:16:32.570+08:00  INFO 22116 --- [scenic-ai-server] [           main] o.s.b.w.embedded.tomcat.TomcatWebServer  : Tomcat started on port 8080 (http) with context path '/'
2026-06-26T18:16:32.579+08:00  INFO 22116 --- [scenic-ai-server] [           main] c.softbei.scenicai.ScenicAiApplication   : Started ScenicAiApplication in 5.276 seconds (process running for 5.628)
2026-06-26T18:16:32.942+08:00  INFO 22116 --- [scenic-ai-server] [           main] c.softbei.scenicai.service.DataSeeder    : 检测到景点数据为空，开始初始化灵山胜境景点资料
2026-06-26T18:16:33.075+08:00  INFO 22116 --- [scenic-ai-server] [           main] c.softbei.scenicai.service.DataSeeder    : 景点资料初始化完成，共写入 6 条
2026-06-26T18:16:33.101+08:00  INFO 22116 --- [scenic-ai-server] [           main] c.softbei.scenicai.service.DataSeeder    : 检测到知识库为空，开始初始化知识条目
2026-06-26T18:16:33.121+08:00  INFO 22116 --- [scenic-ai-server] [           main] c.softbei.scenicai.service.DataSeeder    : 知识条目初始化完成，共写入 12 条
2026-06-26T18:16:33.124+08:00  INFO 22116 --- [scenic-ai-server] [           main] c.softbei.scenicai.service.DataSeeder    : 检测到会话记录为空，开始初始化演示问答记录
2026-06-26T18:16:33.131+08:00  INFO 22116 --- [scenic-ai-server] [           main] c.softbei.scenicai.service.DataSeeder    : 演示问答记录初始化完成，共写入 8 条
2026-06-26T18:16:33.134+08:00  INFO 22116 --- [scenic-ai-server] [           main] c.softbei.scenicai.service.DataSeeder    : 检测到反馈记录为空，开始初始化演示反馈
2026-06-26T18:16:33.140+08:00  INFO 22116 --- [scenic-ai-server] [           main] c.softbei.scenicai.service.DataSeeder    : 演示反馈初始化完成，共写入 4 条
2026-06-26T18:16:33.142+08:00  INFO 22116 --- [scenic-ai-server] [           main] c.s.scenicai.config.StartupReporter      : 灵山胜境 AI 导览服务启动完成，访问地址：http://localhost:8080
2026-06-26T18:16:33.143+08:00  INFO 22116 --- [scenic-ai-server] [           main] c.s.scenicai.config.StartupReporter      : H2 控制台已就绪，访问地址：http://localhost:8080/h2-console
2026-06-26T18:16:48.355+08:00  INFO 22116 --- [scenic-ai-server] [nio-8080-exec-1] o.a.c.c.C.[Tomcat].[localhost].[/]       : Initializing Spring DispatcherServlet 'dispatcherServlet'
2026-06-26T18:16:48.356+08:00  INFO 22116 --- [scenic-ai-server] [nio-8080-exec-1] o.s.web.servlet.DispatcherServlet        : Initializing Servlet 'dispatcherServlet'
2026-06-26T18:16:48.358+08:00  INFO 22116 --- [scenic-ai-server] [nio-8080-exec-1] o.s.web.servlet.DispatcherServlet        : Completed initialization in 1 ms
2026-06-26T18:16:48.601+08:00  INFO 22116 --- [scenic-ai-server] [nio-8080-exec-2] c.softbei.scenicai.service.ChatService   : 收到游客提问：灵山大佛有什么亮点？，识别情绪：疑惑
2026-06-26T18:16:48.656+08:00  INFO 22116 --- [scenic-ai-server] [nio-8080-exec-2] c.softbei.scenicai.service.ChatService   : 问答完成，来源类型：ATTRACTION，命中来源：灵山大佛，耗时：54ms
2026-06-26T18:16:48.670+08:00  INFO 22116 --- [scenic-ai-server] [nio-8080-exec-3] c.softbei.scenicai.service.AdminService  : 后台登录成功，账号：admin
2026-06-26T18:17:46.529+08:00  INFO 22116 --- [scenic-ai-server] [nio-8080-exec-4] c.softbei.scenicai.service.ChatService   : 收到游客提问：灵山大佛有什么亮点？，识别情绪：疑惑
2026-06-26T18:17:46.573+08:00  INFO 22116 --- [scenic-ai-server] [nio-8080-exec-4] c.softbei.scenicai.service.ChatService   : 问答完成，来源类型：ATTRACTION，命中来源：灵山大佛，耗时：43ms
2026-06-26T18:17:46.589+08:00  WARN 22116 --- [scenic-ai-server] [nio-8080-exec-8] c.s.scenicai.config.ApiExceptionHandler  : 请求参数校验失败：账号不能为空
