
  .   ____          _            __ _ _
 /\\ / ___'_ __ _ _(_)_ __  __ _ \ \ \ \
( ( )\___ | '_ | '_| | '_ \/ _` | \ \ \ \
 \\/  ___)| |_)| | | | | || (_| |  ) ) ) )
  '  |____| .__|_| |_|_| |_\__, | / / / /
 =========|_|==============|___/=/_/_/_/

 :: Spring Boot ::                (v3.3.1)

2026-06-26T18:17:32.615+08:00  INFO 27264 --- [scenic-ai-server] [           main] c.softbei.scenicai.ScenicAiApplication   : Starting ScenicAiApplication using Java 21.0.8 with PID 27264 (C:\softbei\scenic-ai-server\target\classes started by ass in C:\softbei\scenic-ai-server)
2026-06-26T18:17:32.623+08:00  INFO 27264 --- [scenic-ai-server] [           main] c.softbei.scenicai.ScenicAiApplication   : No active profile set, falling back to 1 default profile: "default"
2026-06-26T18:17:33.295+08:00  INFO 27264 --- [scenic-ai-server] [           main] .s.d.r.c.RepositoryConfigurationDelegate : Bootstrapping Spring Data JPA repositories in DEFAULT mode.
2026-06-26T18:17:33.416+08:00  INFO 27264 --- [scenic-ai-server] [           main] .s.d.r.c.RepositoryConfigurationDelegate : Finished Spring Data repository scanning in 85 ms. Found 4 JPA repository interfaces.
2026-06-26T18:17:34.045+08:00  INFO 27264 --- [scenic-ai-server] [           main] o.s.b.w.embedded.tomcat.TomcatWebServer  : Tomcat initialized with port 8080 (http)
2026-06-26T18:17:34.079+08:00  INFO 27264 --- [scenic-ai-server] [           main] o.apache.catalina.core.StandardService   : Starting service [Tomcat]
2026-06-26T18:17:34.080+08:00  INFO 27264 --- [scenic-ai-server] [           main] o.apache.catalina.core.StandardEngine    : Starting Servlet engine: [Apache Tomcat/10.1.25]
2026-06-26T18:17:34.140+08:00  INFO 27264 --- [scenic-ai-server] [           main] o.a.c.c.C.[Tomcat].[localhost].[/]       : Initializing Spring embedded WebApplicationContext
2026-06-26T18:17:34.141+08:00  INFO 27264 --- [scenic-ai-server] [           main] w.s.c.ServletWebServerApplicationContext : Root WebApplicationContext: initialization completed in 1471 ms
2026-06-26T18:17:34.176+08:00  INFO 27264 --- [scenic-ai-server] [           main] com.zaxxer.hikari.HikariDataSource       : HikariPool-1 - Starting...
2026-06-26T18:17:34.279+08:00  INFO 27264 --- [scenic-ai-server] [           main] com.zaxxer.hikari.pool.HikariPool        : HikariPool-1 - Added connection conn0: url=jdbc:h2:file:./data/scenic-ai-mvp user=SA
2026-06-26T18:17:34.283+08:00  INFO 27264 --- [scenic-ai-server] [           main] com.zaxxer.hikari.HikariDataSource       : HikariPool-1 - Start completed.
2026-06-26T18:17:34.292+08:00  INFO 27264 --- [scenic-ai-server] [           main] o.s.b.a.h2.H2ConsoleAutoConfiguration    : H2 console available at '/h2-console'. Database available at 'jdbc:h2:file:./data/scenic-ai-mvp'
2026-06-26T18:17:34.478+08:00  INFO 27264 --- [scenic-ai-server] [           main] o.hibernate.jpa.internal.util.LogHelper  : HHH000204: Processing PersistenceUnitInfo [name: default]
2026-06-26T18:17:34.601+08:00  INFO 27264 --- [scenic-ai-server] [           main] org.hibernate.Version                    : HHH000412: Hibernate ORM core version 6.5.2.Final
2026-06-26T18:17:34.647+08:00  INFO 27264 --- [scenic-ai-server] [           main] o.h.c.internal.RegionFactoryInitiator    : HHH000026: Second-level cache disabled
2026-06-26T18:17:34.967+08:00  INFO 27264 --- [scenic-ai-server] [           main] o.s.o.j.p.SpringPersistenceUnitInfo      : No LoadTimeWeaver setup: ignoring JPA class transformer
2026-06-26T18:17:36.115+08:00  INFO 27264 --- [scenic-ai-server] [           main] o.h.e.t.j.p.i.JtaPlatformInitiator       : HHH000489: No JTA platform available (set 'hibernate.transaction.jta.platform' to enable JTA platform integration)
2026-06-26T18:17:36.172+08:00  INFO 27264 --- [scenic-ai-server] [           main] j.LocalContainerEntityManagerFactoryBean : Initialized JPA EntityManagerFactory for persistence unit 'default'
2026-06-26T18:17:36.962+08:00  WARN 27264 --- [scenic-ai-server] [           main] ConfigServletWebServerApplicationContext : Exception encountered during context initialization - cancelling refresh attempt: org.springframework.context.ApplicationContextException: Failed to start bean 'webServerStartStop'
2026-06-26T18:17:36.986+08:00  INFO 27264 --- [scenic-ai-server] [           main] j.LocalContainerEntityManagerFactoryBean : Closing JPA EntityManagerFactory for persistence unit 'default'
2026-06-26T18:17:36.988+08:00  INFO 27264 --- [scenic-ai-server] [           main] com.zaxxer.hikari.HikariDataSource       : HikariPool-1 - Shutdown initiated...
2026-06-26T18:17:37.003+08:00  INFO 27264 --- [scenic-ai-server] [           main] com.zaxxer.hikari.HikariDataSource       : HikariPool-1 - Shutdown completed.
2026-06-26T18:17:37.016+08:00  INFO 27264 --- [scenic-ai-server] [           main] .s.b.a.l.ConditionEvaluationReportLogger : 

Error starting ApplicationContext. To display the condition evaluation report re-run your application with 'debug' enabled.
2026-06-26T18:17:37.033+08:00 ERROR 27264 --- [scenic-ai-server] [           main] o.s.b.d.LoggingFailureAnalysisReporter   : 

***************************
APPLICATION FAILED TO START
***************************

Description:

Web server failed to start. Port 8080 was already in use.

Action:

Identify and stop the process that's listening on port 8080 or configure this application to listen on another port.

[ERROR] Failed to execute goal org.springframework.boot:spring-boot-maven-plugin:3.3.1:run (default-cli) on project scenic-ai-server: Process terminated with exit code: 1 -> [Help 1]
[ERROR] 
[ERROR] To see the full stack trace of the errors, re-run Maven with the -e switch.
[ERROR] Re-run Maven using the -X switch to enable full debug logging.
[ERROR] 
[ERROR] For more information about the errors and possible solutions, please read the following articles:
[ERROR] [Help 1] http://cwiki.apache.org/confluence/display/MAVEN/MojoExecutionException
